<?xml version="1.0" encoding="UTF-8"?>
<testsuite xmlns:xsi="http://www.w3.org/2001/XMLSchema-instance" xsi:noNamespaceSchemaLocation="https://maven.apache.org/surefire/maven-surefire-plugin/xsd/surefire-test-report.xsd" name="cn.edu.xmu.testnetty.TesttomcatApplicationTests" time="4.951" tests="1" errors="0" skipped="0" failures="0">
  <properties>
    <property name="sun.desktop" value="windows"/>
    <property name="awt.toolkit" value="sun.awt.windows.WToolkit"/>
    <property name="file.encoding.pkg" value="sun.io"/>
    <property name="java.specification.version" value="1.8"/>
    <property name="sun.cpu.isalist" value="pentium_pro+mmx pentium_pro pentium+mmx pentium i486 i386 i86"/>
    <property name="sun.jnu.encoding" value="GBK"/>
    <property name="java.class.path" value="E:\workspace\idea-workspace\JavaEEPlatform\8.SpringTest\TestTomcat\target\test-classes;E:\workspace\idea-workspace\JavaEEPlatform\8.SpringTest\TestTomcat\target\classes;E:\Users\Administrator\.m2\org\springframework\boot\spring-boot-starter\2.5.3\spring-boot-starter-2.5.3.jar;E:\Users\Administrator\.m2\org\springframework\boot\spring-boot\2.5.3\spring-boot-2.5.3.jar;E:\Users\Administrator\.m2\org\springframework\spring-context\5.3.9\spring-context-5.3.9.jar;E:\Users\Administrator\.m2\org\springframework\boot\spring-boot-autoconfigure\2.5.3\spring-boot-autoconfigure-2.5.3.jar;E:\Users\Administrator\.m2\org\springframework\boot\spring-boot-starter-logging\2.5.3\spring-boot-starter-logging-2.5.3.jar;E:\Users\Administrator\.m2\ch\qos\logback\logback-classic\1.2.4\logback-classic-1.2.4.jar;E:\Users\Administrator\.m2\ch\qos\logback\logback-core\1.2.4\logback-core-1.2.4.jar;E:\Users\Administrator\.m2\org\apache\logging\log4j\log4j-to-slf4j\2.14.1\log4j-to-slf4j-2.14.1.jar;E:\Users\Administrator\.m2\org\apache\logging\log4j\log4j-api\2.14.1\log4j-api-2.14.1.jar;E:\Users\Administrator\.m2\org\slf4j\jul-to-slf4j\1.7.32\jul-to-slf4j-1.7.32.jar;E:\Users\Administrator\.m2\jakarta\annotation\jakarta.annotation-api\1.3.5\jakarta.annotation-api-1.3.5.jar;E:\Users\Administrator\.m2\org\springframework\spring-core\5.3.9\spring-core-5.3.9.jar;E:\Users\Administrator\.m2\org\springframework\spring-jcl\5.3.9\spring-jcl-5.3.9.jar;E:\Users\Administrator\.m2\org\yaml\snakeyaml\1.28\snakeyaml-1.28.jar;E:\Users\Administrator\.m2\org\springframework\boot\spring-boot-starter-web\2.5.3\spring-boot-starter-web-2.5.3.jar;E:\Users\Administrator\.m2\org\springframework\boot\spring-boot-starter-json\2.5.3\spring-boot-starter-json-2.5.3.jar;E:\Users\Administrator\.m2\com\fasterxml\jackson\core\jackson-databind\2.12.4\jackson-databind-2.12.4.jar;E:\Users\Administrator\.m2\com\fasterxml\jackson\core\jackson-annotations\2.12.4\jackson-annotations-2.12.4.jar;E:\Users\Administrator\.m2\com\fasterxml\jackson\core\jackson-core\2.12.4\jackson-core-2.12.4.jar;E:\Users\Administrator\.m2\com\fasterxml\jackson\datatype\jackson-datatype-jdk8\2.12.4\jackson-datatype-jdk8-2.12.4.jar;E:\Users\Administrator\.m2\com\fasterxml\jackson\datatype\jackson-datatype-jsr310\2.12.4\jackson-datatype-jsr310-2.12.4.jar;E:\Users\Administrator\.m2\com\fasterxml\jackson\module\jackson-module-parameter-names\2.12.4\jackson-module-parameter-names-2.12.4.jar;E:\Users\Administrator\.m2\org\springframework\boot\spring-boot-starter-tomcat\2.5.3\spring-boot-starter-tomcat-2.5.3.jar;E:\Users\Administrator\.m2\org\apache\tomcat\embed\tomcat-embed-core\9.0.50\tomcat-embed-core-9.0.50.jar;E:\Users\Administrator\.m2\org\apache\tomcat\embed\tomcat-embed-el\9.0.50\tomcat-embed-el-9.0.50.jar;E:\Users\Administrator\.m2\org\apache\tomcat\embed\tomcat-embed-websocket\9.0.50\tomcat-embed-websocket-9.0.50.jar;E:\Users\Administrator\.m2\org\springframework\spring-web\5.3.9\spring-web-5.3.9.jar;E:\Users\Administrator\.m2\org\springframework\spring-beans\5.3.9\spring-beans-5.3.9.jar;E:\Users\Administrator\.m2\org\springframework\spring-webmvc\5.3.9\spring-webmvc-5.3.9.jar;E:\Users\Administrator\.m2\org\springframework\spring-aop\5.3.9\spring-aop-5.3.9.jar;E:\Users\Administrator\.m2\org\springframework\spring-expression\5.3.9\spring-expression-5.3.9.jar;E:\Users\Administrator\.m2\org\springframework\boot\spring-boot-starter-actuator\2.5.3\spring-boot-starter-actuator-2.5.3.jar;E:\Users\Administrator\.m2\org\springframework\boot\spring-boot-actuator-autoconfigure\2.5.3\spring-boot-actuator-autoconfigure-2.5.3.jar;E:\Users\Administrator\.m2\org\springframework\boot\spring-boot-actuator\2.5.3\spring-boot-actuator-2.5.3.jar;E:\Users\Administrator\.m2\io\micrometer\micrometer-core\1.7.2\micrometer-core-1.7.2.jar;E:\Users\Administrator\.m2\org\hdrhistogram\HdrHistogram\2.1.12\HdrHistogram-2.1.12.jar;E:\Users\Administrator\.m2\org\latencyutils\LatencyUtils\2.0.3\LatencyUtils-2.0.3.jar;E:\Users\Administrator\.m2\org\projectlombok\lombok\1.18.12\lombok-1.18.12.jar;E:\Users\Administrator\.m2\org\springframework\boot\spring-boot-starter-test\2.5.3\spring-boot-starter-test-2.5.3.jar;E:\Users\Administrator\.m2\org\springframework\boot\spring-boot-test\2.5.3\spring-boot-test-2.5.3.jar;E:\Users\Administrator\.m2\org\springframework\boot\spring-boot-test-autoconfigure\2.5.3\spring-boot-test-autoconfigure-2.5.3.jar;E:\Users\Administrator\.m2\com\jayway\jsonpath\json-path\2.5.0\json-path-2.5.0.jar;E:\Users\Administrator\.m2\net\minidev\json-smart\2.4.7\json-smart-2.4.7.jar;E:\Users\Administrator\.m2\net\minidev\accessors-smart\2.4.7\accessors-smart-2.4.7.jar;E:\Users\Administrator\.m2\org\ow2\asm\asm\9.1\asm-9.1.jar;E:\Users\Administrator\.m2\org\slf4j\slf4j-api\1.7.32\slf4j-api-1.7.32.jar;E:\Users\Administrator\.m2\jakarta\xml\bind\jakarta.xml.bind-api\2.3.3\jakarta.xml.bind-api-2.3.3.jar;E:\Users\Administrator\.m2\jakarta\activation\jakarta.activation-api\1.2.2\jakarta.activation-api-1.2.2.jar;E:\Users\Administrator\.m2\org\assertj\assertj-core\3.19.0\assertj-core-3.19.0.jar;E:\Users\Administrator\.m2\org\hamcrest\hamcrest\2.2\hamcrest-2.2.jar;E:\Users\Administrator\.m2\org\junit\jupiter\junit-jupiter\5.7.2\junit-jupiter-5.7.2.jar;E:\Users\Administrator\.m2\org\junit\jupiter\junit-jupiter-api\5.7.2\junit-jupiter-api-5.7.2.jar;E:\Users\Administrator\.m2\org\apiguardian\apiguardian-api\1.1.0\apiguardian-api-1.1.0.jar;E:\Users\Administrator\.m2\org\opentest4j\opentest4j\1.2.0\opentest4j-1.2.0.jar;E:\Users\Administrator\.m2\org\junit\platform\junit-platform-commons\1.7.2\junit-platform-commons-1.7.2.jar;E:\Users\Administrator\.m2\org\junit\jupiter\junit-jupiter-params\5.7.2\junit-jupiter-params-5.7.2.jar;E:\Users\Administrator\.m2\org\junit\jupiter\junit-jupiter-engine\5.7.2\junit-jupiter-engine-5.7.2.jar;E:\Users\Administrator\.m2\org\junit\platform\junit-platform-engine\1.7.2\junit-platform-engine-1.7.2.jar;E:\Users\Administrator\.m2\org\mockito\mockito-core\3.9.0\mockito-core-3.9.0.jar;E:\Users\Administrator\.m2\net\bytebuddy\byte-buddy\1.10.22\byte-buddy-1.10.22.jar;E:\Users\Administrator\.m2\net\bytebuddy\byte-buddy-agent\1.10.22\byte-buddy-agent-1.10.22.jar;E:\Users\Administrator\.m2\org\objenesis\objenesis\3.2\objenesis-3.2.jar;E:\Users\Administrator\.m2\org\mockito\mockito-junit-jupiter\3.9.0\mockito-junit-jupiter-3.9.0.jar;E:\Users\Administrator\.m2\org\skyscreamer\jsonassert\1.5.0\jsonassert-1.5.0.jar;E:\Users\Administrator\.m2\com\vaadin\external\google\android-json\0.0.20131108.vaadin1\android-json-0.0.20131108.vaadin1.jar;E:\Users\Administrator\.m2\org\springframework\spring-test\5.3.9\spring-test-5.3.9.jar;E:\Users\Administrator\.m2\org\xmlunit\xmlunit-core\2.8.2\xmlunit-core-2.8.2.jar;"/>
    <property name="java.vm.vendor" value="Oracle Corporation"/>
    <property name="sun.arch.data.model" value="32"/>
    <property name="user.variant" value=""/>
    <property name="java.vendor.url" value="http://java.oracle.com/"/>
    <property name="user.timezone" value="Asia/Shanghai"/>
    <property name="java.vm.specification.version" value="1.8"/>
    <property name="os.name" value="Windows 10"/>
    <property name="user.country" value="CN"/>
    <property name="sun.java.launcher" value="SUN_STANDARD"/>
    <property name="sun.boot.library.path" value="E:\Program Files (x86)\Java\jdk1.8.0_202\jre\bin"/>
    <property name="sun.java.command" value="C:\Users\ADMINI~1\AppData\Local\Temp\surefire3229692410884735861\surefirebooter5434947174373441084.jar C:\Users\Administrator\AppData\Local\Temp\surefire3229692410884735861 2023-12-01T20-45-42_057-jvmRun1 surefire5900497436648388160tmp surefire_08580443047767786097tmp"/>
    <property name="surefire.test.class.path" value="E:\workspace\idea-workspace\JavaEEPlatform\8.SpringTest\TestTomcat\target\test-classes;E:\workspace\idea-workspace\JavaEEPlatform\8.SpringTest\TestTomcat\target\classes;E:\Users\Administrator\.m2\org\springframework\boot\spring-boot-starter\2.5.3\spring-boot-starter-2.5.3.jar;E:\Users\Administrator\.m2\org\springframework\boot\spring-boot\2.5.3\spring-boot-2.5.3.jar;E:\Users\Administrator\.m2\org\springframework\spring-context\5.3.9\spring-context-5.3.9.jar;E:\Users\Administrator\.m2\org\springframework\boot\spring-boot-autoconfigure\2.5.3\spring-boot-autoconfigure-2.5.3.jar;E:\Users\Administrator\.m2\org\springframework\boot\spring-boot-starter-logging\2.5.3\spring-boot-starter-logging-2.5.3.jar;E:\Users\Administrator\.m2\ch\qos\logback\logback-classic\1.2.4\logback-classic-1.2.4.jar;E:\Users\Administrator\.m2\ch\qos\logback\logback-core\1.2.4\logback-core-1.2.4.jar;E:\Users\Administrator\.m2\org\apache\logging\log4j\log4j-to-slf4j\2.14.1\log4j-to-slf4j-2.14.1.jar;E:\Users\Administrator\.m2\org\apache\logging\log4j\log4j-api\2.14.1\log4j-api-2.14.1.jar;E:\Users\Administrator\.m2\org\slf4j\jul-to-slf4j\1.7.32\jul-to-slf4j-1.7.32.jar;E:\Users\Administrator\.m2\jakarta\annotation\jakarta.annotation-api\1.3.5\jakarta.annotation-api-1.3.5.jar;E:\Users\Administrator\.m2\org\springframework\spring-core\5.3.9\spring-core-5.3.9.jar;E:\Users\Administrator\.m2\org\springframework\spring-jcl\5.3.9\spring-jcl-5.3.9.jar;E:\Users\Administrator\.m2\org\yaml\snakeyaml\1.28\snakeyaml-1.28.jar;E:\Users\Administrator\.m2\org\springframework\boot\spring-boot-starter-web\2.5.3\spring-boot-starter-web-2.5.3.jar;E:\Users\Administrator\.m2\org\springframework\boot\spring-boot-starter-json\2.5.3\spring-boot-starter-json-2.5.3.jar;E:\Users\Administrator\.m2\com\fasterxml\jackson\core\jackson-databind\2.12.4\jackson-databind-2.12.4.jar;E:\Users\Administrator\.m2\com\fasterxml\jackson\core\jackson-annotations\2.12.4\jackson-annotations-2.12.4.jar;E:\Users\Administrator\.m2\com\fasterxml\jackson\core\jackson-core\2.12.4\jackson-core-2.12.4.jar;E:\Users\Administrator\.m2\com\fasterxml\jackson\datatype\jackson-datatype-jdk8\2.12.4\jackson-datatype-jdk8-2.12.4.jar;E:\Users\Administrator\.m2\com\fasterxml\jackson\datatype\jackson-datatype-jsr310\2.12.4\jackson-datatype-jsr310-2.12.4.jar;E:\Users\Administrator\.m2\com\fasterxml\jackson\module\jackson-module-parameter-names\2.12.4\jackson-module-parameter-names-2.12.4.jar;E:\Users\Administrator\.m2\org\springframework\boot\spring-boot-starter-tomcat\2.5.3\spring-boot-starter-tomcat-2.5.3.jar;E:\Users\Administrator\.m2\org\apache\tomcat\embed\tomcat-embed-core\9.0.50\tomcat-embed-core-9.0.50.jar;E:\Users\Administrator\.m2\org\apache\tomcat\embed\tomcat-embed-el\9.0.50\tomcat-embed-el-9.0.50.jar;E:\Users\Administrator\.m2\org\apache\tomcat\embed\tomcat-embed-websocket\9.0.50\tomcat-embed-websocket-9.0.50.jar;E:\Users\Administrator\.m2\org\springframework\spring-web\5.3.9\spring-web-5.3.9.jar;E:\Users\Administrator\.m2\org\springframework\spring-beans\5.3.9\spring-beans-5.3.9.jar;E:\Users\Administrator\.m2\org\springframework\spring-webmvc\5.3.9\spring-webmvc-5.3.9.jar;E:\Users\Administrator\.m2\org\springframework\spring-aop\5.3.9\spring-aop-5.3.9.jar;E:\Users\Administrator\.m2\org\springframework\spring-expression\5.3.9\spring-expression-5.3.9.jar;E:\Users\Administrator\.m2\org\springframework\boot\spring-boot-starter-actuator\2.5.3\spring-boot-starter-actuator-2.5.3.jar;E:\Users\Administrator\.m2\org\springframework\boot\spring-boot-actuator-autoconfigure\2.5.3\spring-boot-actuator-autoconfigure-2.5.3.jar;E:\Users\Administrator\.m2\org\springframework\boot\spring-boot-actuator\2.5.3\spring-boot-actuator-2.5.3.jar;E:\Users\Administrator\.m2\io\micrometer\micrometer-core\1.7.2\micrometer-core-1.7.2.jar;E:\Users\Administrator\.m2\org\hdrhistogram\HdrHistogram\2.1.12\HdrHistogram-2.1.12.jar;E:\Users\Administrator\.m2\org\latencyutils\LatencyUtils\2.0.3\LatencyUtils-2.0.3.jar;E:\Users\Administrator\.m2\org\projectlombok\lombok\1.18.12\lombok-1.18.12.jar;E:\Users\Administrator\.m2\org\springframework\boot\spring-boot-starter-test\2.5.3\spring-boot-starter-test-2.5.3.jar;E:\Users\Administrator\.m2\org\springframework\boot\spring-boot-test\2.5.3\spring-boot-test-2.5.3.jar;E:\Users\Administrator\.m2\org\springframework\boot\spring-boot-test-autoconfigure\2.5.3\spring-boot-test-autoconfigure-2.5.3.jar;E:\Users\Administrator\.m2\com\jayway\jsonpath\json-path\2.5.0\json-path-2.5.0.jar;E:\Users\Administrator\.m2\net\minidev\json-smart\2.4.7\json-smart-2.4.7.jar;E:\Users\Administrator\.m2\net\minidev\accessors-smart\2.4.7\accessors-smart-2.4.7.jar;E:\Users\Administrator\.m2\org\ow2\asm\asm\9.1\asm-9.1.jar;E:\Users\Administrator\.m2\org\slf4j\slf4j-api\1.7.32\slf4j-api-1.7.32.jar;E:\Users\Administrator\.m2\jakarta\xml\bind\jakarta.xml.bind-api\2.3.3\jakarta.xml.bind-api-2.3.3.jar;E:\Users\Administrator\.m2\jakarta\activation\jakarta.activation-api\1.2.2\jakarta.activation-api-1.2.2.jar;E:\Users\Administrator\.m2\org\assertj\assertj-core\3.19.0\assertj-core-3.19.0.jar;E:\Users\Administrator\.m2\org\hamcrest\hamcrest\2.2\hamcrest-2.2.jar;E:\Users\Administrator\.m2\org\junit\jupiter\junit-jupiter\5.7.2\junit-jupiter-5.7.2.jar;E:\Users\Administrator\.m2\org\junit\jupiter\junit-jupiter-api\5.7.2\junit-jupiter-api-5.7.2.jar;E:\Users\Administrator\.m2\org\apiguardian\apiguardian-api\1.1.0\apiguardian-api-1.1.0.jar;E:\Users\Administrator\.m2\org\opentest4j\opentest4j\1.2.0\opentest4j-1.2.0.jar;E:\Users\Administrator\.m2\org\junit\platform\junit-platform-commons\1.7.2\junit-platform-commons-1.7.2.jar;E:\Users\Administrator\.m2\org\junit\jupiter\junit-jupiter-params\5.7.2\junit-jupiter-params-5.7.2.jar;E:\Users\Administrator\.m2\org\junit\jupiter\junit-jupiter-engine\5.7.2\junit-jupiter-engine-5.7.2.jar;E:\Users\Administrator\.m2\org\junit\platform\junit-platform-engine\1.7.2\junit-platform-engine-1.7.2.jar;E:\Users\Administrator\.m2\org\mockito\mockito-core\3.9.0\mockito-core-3.9.0.jar;E:\Users\Administrator\.m2\net\bytebuddy\byte-buddy\1.10.22\byte-buddy-1.10.22.jar;E:\Users\Administrator\.m2\net\bytebuddy\byte-buddy-agent\1.10.22\byte-buddy-agent-1.10.22.jar;E:\Users\Administrator\.m2\org\objenesis\objenesis\3.2\objenesis-3.2.jar;E:\Users\Administrator\.m2\org\mockito\mockito-junit-jupiter\3.9.0\mockito-junit-jupiter-3.9.0.jar;E:\Users\Administrator\.m2\org\skyscreamer\jsonassert\1.5.0\jsonassert-1.5.0.jar;E:\Users\Administrator\.m2\com\vaadin\external\google\android-json\0.0.20131108.vaadin1\android-json-0.0.20131108.vaadin1.jar;E:\Users\Administrator\.m2\org\springframework\spring-test\5.3.9\spring-test-5.3.9.jar;E:\Users\Administrator\.m2\org\xmlunit\xmlunit-core\2.8.2\xmlunit-core-2.8.2.jar;"/>
    <property name="sun.cpu.endian" value="little"/>
    <property name="user.home" value="C:\Users\Administrator"/>
    <property name="user.language" value="zh"/>
    <property name="java.specification.vendor" value="Oracle Corporation"/>
    <property name="java.home" value="E:\Program Files (x86)\Java\jdk1.8.0_202\jre"/>
    <property name="basedir" value="E:\workspace\idea-workspace\JavaEEPlatform\8.SpringTest\TestTomcat"/>
    <property name="file.separator" value="\"/>
    <property name="line.separator" value="&#10;"/>
    <property name="java.vm.specification.vendor" value="Oracle Corporation"/>
    <property name="java.specification.name" value="Java Platform API Specification"/>
    <property name="java.awt.graphicsenv" value="sun.awt.Win32GraphicsEnvironment"/>
    <property name="surefire.real.class.path" value="C:\Users\ADMINI~1\AppData\Local\Temp\surefire3229692410884735861\surefirebooter5434947174373441084.jar"/>
    <property name="sun.boot.class.path" value="E:\Program Files (x86)\Java\jdk1.8.0_202\jre\lib\resources.jar;E:\Program Files (x86)\Java\jdk1.8.0_202\jre\lib\rt.jar;E:\Program Files (x86)\Java\jdk1.8.0_202\jre\lib\sunrsasign.jar;E:\Program Files (x86)\Java\jdk1.8.0_202\jre\lib\jsse.jar;E:\Program Files (x86)\Java\jdk1.8.0_202\jre\lib\jce.jar;E:\Program Files (x86)\Java\jdk1.8.0_202\jre\lib\charsets.jar;E:\Program Files (x86)\Java\jdk1.8.0_202\jre\lib\jfr.jar;E:\Program Files (x86)\Java\jdk1.8.0_202\jre\classes"/>
    <property name="user.script" value=""/>
    <property name="sun.management.compiler" value="HotSpot Client Compiler"/>
    <property name="java.runtime.version" value="1.8.0_202-b08"/>
    <property name="user.name" value="Administrator"/>
    <property name="path.separator" value=";"/>
    <property name="os.version" value="10.0"/>
    <property name="java.endorsed.dirs" value="E:\Program Files (x86)\Java\jdk1.8.0_202\jre\lib\endorsed"/>
    <property name="java.runtime.name" value="Java(TM) SE Runtime Environment"/>
    <property name="file.encoding" value="GBK"/>
    <property name="java.vm.name" value="Java HotSpot(TM) Client VM"/>
    <property name="localRepository" value="E:\Users\Administrator\.m2"/>
    <property name="java.vendor.url.bug" value="http://bugreport.sun.com/bugreport/"/>
    <property name="java.io.tmpdir" value="C:\Users\ADMINI~1\AppData\Local\Temp\"/>
    <property name="java.version" value="1.8.0_202"/>
    <property name="user.dir" value="E:\workspace\idea-workspace\JavaEEPlatform\8.SpringTest\TestTomcat"/>
    <property name="os.arch" value="x86"/>
    <property name="java.vm.specification.name" value="Java Virtual Machine Specification"/>
    <property name="java.awt.printerjob" value="sun.awt.windows.WPrinterJob"/>
    <property name="sun.os.patch.level" value=""/>
    <property name="java.library.path" value="E:\Program Files (x86)\Java\jdk1.8.0_202\jre\bin;C:\WINDOWS\Sun\Java\bin;C:\WINDOWS\system32;C:\WINDOWS;C:\Program Files (x86)\Common Files\Oracle\Java\javapath;C:\Program Files\Common Files\Microsoft Shared\Windows Live;C:\Program Files (x86)\NVIDIA Corporation\PhysX\Common;C:\WINDOWS\system32;C:\WINDOWS;C:\WINDOWS\System32\Wbem;C:\WINDOWS\System32\WindowsPowerShell\v1.0\;C:\WINDOWS\System32\WindowsPowerShell\v1.0\;D:\Program Files\PowerShell\7\;D:\Program Files\TortoiseSVN\bin;D:\Program Files (x86)\Subversion\bin;C:\ProgramData\chocolatey\bin;D:\MinGW\bin;D:\Program Files\Git\cmd;D:\Program Files\LOVE;D:\Users\Administrator\Download\2021\lib\gradle-7.3.3\bin;D:\my-tools\Maven\apache-maven-3.8.4\bin;D:\我的工具\spring-1.5.4.BUILD-SNAPSHOT\bin;D:\Program Files\Go\bin;E:\Program Files (x86)\Java\jdk1.8.0_202\bin;D:\Program Files\PuTTY\;E:\Program Files\VisualSVN Server\bin;E:\Program Files (x86)\NetSarang\Xshell 7\;C:\WINDOWS\System32\OpenSSH\;C:\Program Files\MySQL\MySQL Shell 8.0\bin\;C:\Program Files\Common Files\Microsoft Shared\Windows Live;D:\Users\Administrator\AppData\Local\Programs\Microsoft VS Code\bin;C:\Users\Administrator\go\bin;E:\Program Files\JetBrains\IntelliJ IDEA 2020.3.4\bin;;C:\Users\Administrator\AppData\Local\Microsoft\WindowsApps;;."/>
    <property name="java.vm.info" value="mixed mode"/>
    <property name="java.vendor" value="Oracle Corporation"/>
    <property name="java.vm.version" value="25.202-b08"/>
    <property name="java.ext.dirs" value="E:\Program Files (x86)\Java\jdk1.8.0_202\jre\lib\ext;C:\WINDOWS\Sun\Java\lib\ext"/>
    <property name="sun.io.unicode.encoding" value="UnicodeLittle"/>
    <property name="java.class.version" value="52.0"/>
  </properties>
  <testcase name="contextLoads" classname="cn.edu.xmu.testnetty.TesttomcatApplicationTests" time="0.307"/>
</testsuite>